#-----------------------------------------------------------
# Vivado v2019.2 (64-bit)
# SW Build 2700185 on Thu Oct 24 18:46:05 MDT 2019
# IP Build 2699827 on Thu Oct 24 21:16:38 MDT 2019
# Start of session at: Thu Nov  7 09:13:27 2019
# Process ID: 10372
# Current directory: D:/Datos/Desktop/Vivado/Vivado/aufgabe 2
# Command line: vivado.exe -gui_launcher_event rodinguilauncherevent11196 D:\Datos\Desktop\Vivado\Vivado\aufgabe 2\aufgabe 2.xpr
# Log file: D:/Datos/Desktop/Vivado/Vivado/aufgabe 2/vivado.log
# Journal file: D:/Datos/Desktop/Vivado/Vivado/aufgabe 2\vivado.jou
#-----------------------------------------------------------
start_gui
open_project {D:/Datos/Desktop/Vivado/Vivado/aufgabe 2/aufgabe 2.xpr}
Scanning sources...
Finished scanning sources
INFO: [IP_Flow 19-234] Refreshing IP repositories
INFO: [IP_Flow 19-1704] No user IP repositories specified
INFO: [IP_Flow 19-2313] Loaded Vivado IP repository 'D:/Programas/Xilinx/Vivado/2019.2/data/ip'.
open_project: Time (s): cpu = 00:00:22 ; elapsed = 00:00:10 . Memory (MB): peak = 855.719 ; gain = 210.277
update_compile_order -fileset sources_1
launch_simulation
Command: launch_simulation 
INFO: [Vivado 12-5682] Launching behavioral simulation in 'D:/Datos/Desktop/Vivado/Vivado/aufgabe 2/aufgabe 2.sim/sim_1/behav/xsim'
INFO: [SIM-utils-51] Simulation object is 'sim_1'
INFO: [SIM-utils-54] Inspecting design source files for 'test' in fileset 'sim_1'...
INFO: [USF-XSim-97] Finding global include files...
INFO: [USF-XSim-98] Fetching design files from 'sim_1'...
INFO: [USF-XSim-2] XSim::Compile design
INFO: [USF-XSim-61] Executing 'COMPILE and ANALYZE' step in 'D:/Datos/Desktop/Vivado/Vivado/aufgabe 2/aufgabe 2.sim/sim_1/behav/xsim'
"xvhdl --incr --relax -prj test_vhdl.prj"
INFO: [VRFC 10-163] Analyzing VHDL file "D:/Datos/Desktop/Vivado/Vivado/aufgabe 2/aufgabe 2.srcs/sim_1/new/test.vhd" into library xil_defaultlib
INFO: [VRFC 10-3107] analyzing entity 'test'
run_program: Time (s): cpu = 00:00:03 ; elapsed = 00:00:06 . Memory (MB): peak = 886.359 ; gain = 0.000
INFO: [USF-XSim-69] 'compile' step finished in '6' seconds
INFO: [USF-XSim-3] XSim::Elaborate design
INFO: [USF-XSim-61] Executing 'ELABORATE' step in 'D:/Datos/Desktop/Vivado/Vivado/aufgabe 2/aufgabe 2.sim/sim_1/behav/xsim'
"xelab -wto f2bd38093f9c43dcbfc2df2770ce953b --incr --debug typical --relax --mt 2 -L xil_defaultlib -L secureip --snapshot test_behav xil_defaultlib.test -log elaborate.log"
Vivado Simulator 2019.2
Copyright 1986-1999, 2001-2019 Xilinx, Inc. All Rights Reserved.
Running: D:/Programas/Xilinx/Vivado/2019.2/bin/unwrapped/win64.o/xelab.exe -wto f2bd38093f9c43dcbfc2df2770ce953b --incr --debug typical --relax --mt 2 -L xil_defaultlib -L secureip --snapshot test_behav xil_defaultlib.test -log elaborate.log 
Using 2 slave threads.
Starting static elaboration
Completed static elaboration
Starting simulation data flow analysis
Completed simulation data flow analysis
Time Resolution for simulation is 1ps
Compiling package std.standard
Compiling package std.textio
Compiling package ieee.std_logic_1164
Compiling architecture dataflow of entity xil_defaultlib.neq4 [neq4_default]
Compiling architecture behavioral of entity xil_defaultlib.test
Built simulation snapshot test_behav
run_program: Time (s): cpu = 00:00:03 ; elapsed = 00:00:07 . Memory (MB): peak = 886.359 ; gain = 0.000
INFO: [USF-XSim-69] 'elaborate' step finished in '7' seconds
INFO: [USF-XSim-4] XSim::Simulate design
INFO: [USF-XSim-61] Executing 'SIMULATE' step in 'D:/Datos/Desktop/Vivado/Vivado/aufgabe 2/aufgabe 2.sim/sim_1/behav/xsim'
INFO: [USF-XSim-98] *** Running xsim
   with args "test_behav -key {Behavioral:sim_1:Functional:test} -tclbatch {test.tcl} -log {simulate.log}"
INFO: [USF-XSim-8] Loading simulator feature
Vivado Simulator 2019.2
Time resolution is 1 ps
source test.tcl
# set curr_wave [current_wave_config]
# if { [string length $curr_wave] == 0 } {
#   if { [llength [get_objects]] > 0} {
#     add_wave /
#     set_property needs_save false [current_wave_config]
#   } else {
#      send_msg_id Add_Wave-1 WARNING "No top level signals found. Simulator will start without a wave window. If you want to open a wave window go to 'File->New Waveform Configuration' or type 'create_wave_config' in the TCL console."
#   }
# }
# run 1000ns
xsim: Time (s): cpu = 00:00:20 ; elapsed = 00:00:08 . Memory (MB): peak = 905.914 ; gain = 14.227
INFO: [USF-XSim-96] XSim completed. Design snapshot 'test_behav' loaded.
INFO: [USF-XSim-97] XSim simulation ran for 1000ns
launch_simulation: Time (s): cpu = 00:00:33 ; elapsed = 00:00:23 . Memory (MB): peak = 905.914 ; gain = 19.555
restart
INFO: [Simtcl 6-17] Simulation restarted
run 10 ns
run 10 ns
run 10 ns
run 10 ns
run 10 ns
close_sim
INFO: [Simtcl 6-16] Simulation closed
exit
INFO: [Common 17-206] Exiting Vivado at Thu Nov  7 09:19:49 2019...
