Vivado Simulator 2019.2
Time resolution is 1 ps
Note: huhu D
Time: 0 ps  Iteration: 1  Process: /test_alu_integration/ice_imem_ins/line__22  File: D:/Datos/Desktop/Vivado/Vivado/ALU/ALU.srcs/sources_1/new/ice_imem.vhdl
Note: huhu 0
Time: 0 ps  Iteration: 1  Process: /test_alu_integration/ice_imem_ins/line__22  File: D:/Datos/Desktop/Vivado/Vivado/ALU/ALU.srcs/sources_1/new/ice_imem.vhdl
Note: huhu 7
Time: 0 ps  Iteration: 1  Process: /test_alu_integration/ice_imem_ins/line__22  File: D:/Datos/Desktop/Vivado/Vivado/ALU/ALU.srcs/sources_1/new/ice_imem.vhdl
Note: huhu 0
Time: 0 ps  Iteration: 1  Process: /test_alu_integration/ice_imem_ins/line__22  File: D:/Datos/Desktop/Vivado/Vivado/ALU/ALU.srcs/sources_1/new/ice_imem.vhdl
Note: huhu 0
Time: 0 ps  Iteration: 1  Process: /test_alu_integration/ice_imem_ins/line__22  File: D:/Datos/Desktop/Vivado/Vivado/ALU/ALU.srcs/sources_1/new/ice_imem.vhdl
Note: huhu 0
Time: 0 ps  Iteration: 1  Process: /test_alu_integration/ice_imem_ins/line__22  File: D:/Datos/Desktop/Vivado/Vivado/ALU/ALU.srcs/sources_1/new/ice_imem.vhdl
Note: huhu 5
Time: 0 ps  Iteration: 1  Process: /test_alu_integration/ice_imem_ins/line__22  File: D:/Datos/Desktop/Vivado/Vivado/ALU/ALU.srcs/sources_1/new/ice_imem.vhdl
Note: huhu 1
Time: 0 ps  Iteration: 1  Process: /test_alu_integration/ice_imem_ins/line__22  File: D:/Datos/Desktop/Vivado/Vivado/ALU/ALU.srcs/sources_1/new/ice_imem.vhdl
Note: huhu 7
Time: 0 ps  Iteration: 1  Process: /test_alu_integration/ice_imem_ins/line__22  File: D:/Datos/Desktop/Vivado/Vivado/ALU/ALU.srcs/sources_1/new/ice_imem.vhdl
Note: huhu 7
Time: 0 ps  Iteration: 1  Process: /test_alu_integration/ice_imem_ins/line__22  File: D:/Datos/Desktop/Vivado/Vivado/ALU/ALU.srcs/sources_1/new/ice_imem.vhdl
Note: huhu 0
Time: 0 ps  Iteration: 1  Process: /test_alu_integration/ice_imem_ins/line__22  File: D:/Datos/Desktop/Vivado/Vivado/ALU/ALU.srcs/sources_1/new/ice_imem.vhdl
Note: huhu 0
Time: 0 ps  Iteration: 1  Process: /test_alu_integration/ice_imem_ins/line__22  File: D:/Datos/Desktop/Vivado/Vivado/ALU/ALU.srcs/sources_1/new/ice_imem.vhdl
Note: huhu 0
Time: 0 ps  Iteration: 1  Process: /test_alu_integration/ice_imem_ins/line__22  File: D:/Datos/Desktop/Vivado/Vivado/ALU/ALU.srcs/sources_1/new/ice_imem.vhdl
Note: huhu 2
Time: 0 ps  Iteration: 1  Process: /test_alu_integration/ice_imem_ins/line__22  File: D:/Datos/Desktop/Vivado/Vivado/ALU/ALU.srcs/sources_1/new/ice_imem.vhdl
Note: huhu 0
Time: 0 ps  Iteration: 1  Process: /test_alu_integration/ice_imem_ins/line__22  File: D:/Datos/Desktop/Vivado/Vivado/ALU/ALU.srcs/sources_1/new/ice_imem.vhdl
Note: huhu 0
Time: 0 ps  Iteration: 1  Process: /test_alu_integration/ice_imem_ins/line__22  File: D:/Datos/Desktop/Vivado/Vivado/ALU/ALU.srcs/sources_1/new/ice_imem.vhdl
Note: huhu 0
Time: 0 ps  Iteration: 1  Process: /test_alu_integration/ice_imem_ins/line__22  File: D:/Datos/Desktop/Vivado/Vivado/ALU/ALU.srcs/sources_1/new/ice_imem.vhdl
Note: huhu 0
Time: 0 ps  Iteration: 1  Process: /test_alu_integration/ice_imem_ins/line__22  File: D:/Datos/Desktop/Vivado/Vivado/ALU/ALU.srcs/sources_1/new/ice_imem.vhdl
Note: huhu D
Time: 0 ps  Iteration: 1  Process: /test_alu_integration/ice_imem_ins/line__22  File: D:/Datos/Desktop/Vivado/Vivado/ALU/ALU.srcs/sources_1/new/ice_imem.vhdl
Note: huhu 4
Time: 0 ps  Iteration: 1  Process: /test_alu_integration/ice_imem_ins/line__22  File: D:/Datos/Desktop/Vivado/Vivado/ALU/ALU.srcs/sources_1/new/ice_imem.vhdl
Note: huhu 0
Time: 0 ps  Iteration: 1  Process: /test_alu_integration/ice_imem_ins/line__22  File: D:/Datos/Desktop/Vivado/Vivado/ALU/ALU.srcs/sources_1/new/ice_imem.vhdl
Note: huhu 0
Time: 0 ps  Iteration: 1  Process: /test_alu_integration/ice_imem_ins/line__22  File: D:/Datos/Desktop/Vivado/Vivado/ALU/ALU.srcs/sources_1/new/ice_imem.vhdl
Note: huhu 0
Time: 0 ps  Iteration: 1  Process: /test_alu_integration/ice_imem_ins/line__22  File: D:/Datos/Desktop/Vivado/Vivado/ALU/ALU.srcs/sources_1/new/ice_imem.vhdl
Note: huhu 0
Time: 0 ps  Iteration: 1  Process: /test_alu_integration/ice_imem_ins/line__22  File: D:/Datos/Desktop/Vivado/Vivado/ALU/ALU.srcs/sources_1/new/ice_imem.vhdl
Note: huhu D
Time: 0 ps  Iteration: 1  Process: /test_alu_integration/ice_imem_ins/line__22  File: D:/Datos/Desktop/Vivado/Vivado/ALU/ALU.srcs/sources_1/new/ice_imem.vhdl
Note: huhu 3
Time: 0 ps  Iteration: 1  Process: /test_alu_integration/ice_imem_ins/line__22  File: D:/Datos/Desktop/Vivado/Vivado/ALU/ALU.srcs/sources_1/new/ice_imem.vhdl
Note: huhu 1
Time: 0 ps  Iteration: 1  Process: /test_alu_integration/ice_imem_ins/line__22  File: D:/Datos/Desktop/Vivado/Vivado/ALU/ALU.srcs/sources_1/new/ice_imem.vhdl
Note: huhu 0
Time: 0 ps  Iteration: 1  Process: /test_alu_integration/ice_imem_ins/line__22  File: D:/Datos/Desktop/Vivado/Vivado/ALU/ALU.srcs/sources_1/new/ice_imem.vhdl
Note: huhu 0
Time: 0 ps  Iteration: 1  Process: /test_alu_integration/ice_imem_ins/line__22  File: D:/Datos/Desktop/Vivado/Vivado/ALU/ALU.srcs/sources_1/new/ice_imem.vhdl
Note: huhu 0
Time: 0 ps  Iteration: 1  Process: /test_alu_integration/ice_imem_ins/line__22  File: D:/Datos/Desktop/Vivado/Vivado/ALU/ALU.srcs/sources_1/new/ice_imem.vhdl
Note: huhu 0
Time: 0 ps  Iteration: 1  Process: /test_alu_integration/ice_imem_ins/line__22  File: D:/Datos/Desktop/Vivado/Vivado/ALU/ALU.srcs/sources_1/new/ice_imem.vhdl
Note: huhu 1
Time: 0 ps  Iteration: 1  Process: /test_alu_integration/ice_imem_ins/line__22  File: D:/Datos/Desktop/Vivado/Vivado/ALU/ALU.srcs/sources_1/new/ice_imem.vhdl
Note: huhu 1
Time: 0 ps  Iteration: 1  Process: /test_alu_integration/ice_imem_ins/line__22  File: D:/Datos/Desktop/Vivado/Vivado/ALU/ALU.srcs/sources_1/new/ice_imem.vhdl
Note: huhu 0
Time: 0 ps  Iteration: 1  Process: /test_alu_integration/ice_imem_ins/line__22  File: D:/Datos/Desktop/Vivado/Vivado/ALU/ALU.srcs/sources_1/new/ice_imem.vhdl
Note: huhu 0
Time: 0 ps  Iteration: 1  Process: /test_alu_integration/ice_imem_ins/line__22  File: D:/Datos/Desktop/Vivado/Vivado/ALU/ALU.srcs/sources_1/new/ice_imem.vhdl
Note: huhu 4
Time: 0 ps  Iteration: 1  Process: /test_alu_integration/ice_imem_ins/line__22  File: D:/Datos/Desktop/Vivado/Vivado/ALU/ALU.srcs/sources_1/new/ice_imem.vhdl
Note: huhu 1
Time: 0 ps  Iteration: 1  Process: /test_alu_integration/ice_imem_ins/line__22  File: D:/Datos/Desktop/Vivado/Vivado/ALU/ALU.srcs/sources_1/new/ice_imem.vhdl
Note: huhu 2
Time: 0 ps  Iteration: 1  Process: /test_alu_integration/ice_imem_ins/line__22  File: D:/Datos/Desktop/Vivado/Vivado/ALU/ALU.srcs/sources_1/new/ice_imem.vhdl
Note: huhu 7
Time: 0 ps  Iteration: 1  Process: /test_alu_integration/ice_imem_ins/line__22  File: D:/Datos/Desktop/Vivado/Vivado/ALU/ALU.srcs/sources_1/new/ice_imem.vhdl
Note: huhu 7
Time: 0 ps  Iteration: 1  Process: /test_alu_integration/ice_imem_ins/line__22  File: D:/Datos/Desktop/Vivado/Vivado/ALU/ALU.srcs/sources_1/new/ice_imem.vhdl
Note: huhu 7
Time: 0 ps  Iteration: 1  Process: /test_alu_integration/ice_imem_ins/line__22  File: D:/Datos/Desktop/Vivado/Vivado/ALU/ALU.srcs/sources_1/new/ice_imem.vhdl
Note: huhu 0
Time: 0 ps  Iteration: 1  Process: /test_alu_integration/ice_imem_ins/line__22  File: D:/Datos/Desktop/Vivado/Vivado/ALU/ALU.srcs/sources_1/new/ice_imem.vhdl
Note: huhu 0
Time: 0 ps  Iteration: 1  Process: /test_alu_integration/ice_imem_ins/line__22  File: D:/Datos/Desktop/Vivado/Vivado/ALU/ALU.srcs/sources_1/new/ice_imem.vhdl
Note: huhu 0
Time: 0 ps  Iteration: 1  Process: /test_alu_integration/ice_imem_ins/line__22  File: D:/Datos/Desktop/Vivado/Vivado/ALU/ALU.srcs/sources_1/new/ice_imem.vhdl
Note: huhu 0
Time: 0 ps  Iteration: 1  Process: /test_alu_integration/ice_imem_ins/line__22  File: D:/Datos/Desktop/Vivado/Vivado/ALU/ALU.srcs/sources_1/new/ice_imem.vhdl
Note: huhu 0
Time: 0 ps  Iteration: 1  Process: /test_alu_integration/ice_imem_ins/line__22  File: D:/Datos/Desktop/Vivado/Vivado/ALU/ALU.srcs/sources_1/new/ice_imem.vhdl
Note: huhu 0
Time: 0 ps  Iteration: 1  Process: /test_alu_integration/ice_imem_ins/line__22  File: D:/Datos/Desktop/Vivado/Vivado/ALU/ALU.srcs/sources_1/new/ice_imem.vhdl
Note: huhu 1
Time: 0 ps  Iteration: 1  Process: /test_alu_integration/ice_imem_ins/line__22  File: D:/Datos/Desktop/Vivado/Vivado/ALU/ALU.srcs/sources_1/new/ice_imem.vhdl
Note: end of file encountered in imem.dat
Time: 0 ps  Iteration: 1  Process: /test_alu_integration/ice_imem_ins/line__22  File: D:/Datos/Desktop/Vivado/Vivado/ALU/ALU.srcs/sources_1/new/ice_imem.vhdl
Note: huhu D
Time: 0 ps  Iteration: 1  Process: /test_alu_integration/ice_imem_ins/line__22  File: D:/Datos/Desktop/Vivado/Vivado/ALU/ALU.srcs/sources_1/new/ice_imem.vhdl
Note: huhu 0
Time: 0 ps  Iteration: 1  Process: /test_alu_integration/ice_imem_ins/line__22  File: D:/Datos/Desktop/Vivado/Vivado/ALU/ALU.srcs/sources_1/new/ice_imem.vhdl
Note: huhu 7
Time: 0 ps  Iteration: 1  Process: /test_alu_integration/ice_imem_ins/line__22  File: D:/Datos/Desktop/Vivado/Vivado/ALU/ALU.srcs/sources_1/new/ice_imem.vhdl
Note: huhu 0
Time: 0 ps  Iteration: 1  Process: /test_alu_integration/ice_imem_ins/line__22  File: D:/Datos/Desktop/Vivado/Vivado/ALU/ALU.srcs/sources_1/new/ice_imem.vhdl
Note: huhu 0
Time: 0 ps  Iteration: 1  Process: /test_alu_integration/ice_imem_ins/line__22  File: D:/Datos/Desktop/Vivado/Vivado/ALU/ALU.srcs/sources_1/new/ice_imem.vhdl
Note: huhu 0
Time: 0 ps  Iteration: 1  Process: /test_alu_integration/ice_imem_ins/line__22  File: D:/Datos/Desktop/Vivado/Vivado/ALU/ALU.srcs/sources_1/new/ice_imem.vhdl
Note: huhu 5
Time: 0 ps  Iteration: 1  Process: /test_alu_integration/ice_imem_ins/line__22  File: D:/Datos/Desktop/Vivado/Vivado/ALU/ALU.srcs/sources_1/new/ice_imem.vhdl
Note: huhu 1
Time: 0 ps  Iteration: 1  Process: /test_alu_integration/ice_imem_ins/line__22  File: D:/Datos/Desktop/Vivado/Vivado/ALU/ALU.srcs/sources_1/new/ice_imem.vhdl
Note: huhu 7
Time: 0 ps  Iteration: 1  Process: /test_alu_integration/ice_imem_ins/line__22  File: D:/Datos/Desktop/Vivado/Vivado/ALU/ALU.srcs/sources_1/new/ice_imem.vhdl
Note: huhu 7
Time: 0 ps  Iteration: 1  Process: /test_alu_integration/ice_imem_ins/line__22  File: D:/Datos/Desktop/Vivado/Vivado/ALU/ALU.srcs/sources_1/new/ice_imem.vhdl
Note: huhu 0
Time: 0 ps  Iteration: 1  Process: /test_alu_integration/ice_imem_ins/line__22  File: D:/Datos/Desktop/Vivado/Vivado/ALU/ALU.srcs/sources_1/new/ice_imem.vhdl
Note: huhu 0
Time: 0 ps  Iteration: 1  Process: /test_alu_integration/ice_imem_ins/line__22  File: D:/Datos/Desktop/Vivado/Vivado/ALU/ALU.srcs/sources_1/new/ice_imem.vhdl
Note: huhu 0
Time: 0 ps  Iteration: 1  Process: /test_alu_integration/ice_imem_ins/line__22  File: D:/Datos/Desktop/Vivado/Vivado/ALU/ALU.srcs/sources_1/new/ice_imem.vhdl
Note: huhu 2
Time: 0 ps  Iteration: 1  Process: /test_alu_integration/ice_imem_ins/line__22  File: D:/Datos/Desktop/Vivado/Vivado/ALU/ALU.srcs/sources_1/new/ice_imem.vhdl
Note: huhu 0
Time: 0 ps  Iteration: 1  Process: /test_alu_integration/ice_imem_ins/line__22  File: D:/Datos/Desktop/Vivado/Vivado/ALU/ALU.srcs/sources_1/new/ice_imem.vhdl
Note: huhu 0
Time: 0 ps  Iteration: 1  Process: /test_alu_integration/ice_imem_ins/line__22  File: D:/Datos/Desktop/Vivado/Vivado/ALU/ALU.srcs/sources_1/new/ice_imem.vhdl
Note: huhu 0
Time: 0 ps  Iteration: 1  Process: /test_alu_integration/ice_imem_ins/line__22  File: D:/Datos/Desktop/Vivado/Vivado/ALU/ALU.srcs/sources_1/new/ice_imem.vhdl
Note: huhu 0
Time: 0 ps  Iteration: 1  Process: /test_alu_integration/ice_imem_ins/line__22  File: D:/Datos/Desktop/Vivado/Vivado/ALU/ALU.srcs/sources_1/new/ice_imem.vhdl
Note: huhu D
Time: 0 ps  Iteration: 1  Process: /test_alu_integration/ice_imem_ins/line__22  File: D:/Datos/Desktop/Vivado/Vivado/ALU/ALU.srcs/sources_1/new/ice_imem.vhdl
Note: huhu 4
Time: 0 ps  Iteration: 1  Process: /test_alu_integration/ice_imem_ins/line__22  File: D:/Datos/Desktop/Vivado/Vivado/ALU/ALU.srcs/sources_1/new/ice_imem.vhdl
Note: huhu 0
Time: 0 ps  Iteration: 1  Process: /test_alu_integration/ice_imem_ins/line__22  File: D:/Datos/Desktop/Vivado/Vivado/ALU/ALU.srcs/sources_1/new/ice_imem.vhdl
Note: huhu 0
Time: 0 ps  Iteration: 1  Process: /test_alu_integration/ice_imem_ins/line__22  File: D:/Datos/Desktop/Vivado/Vivado/ALU/ALU.srcs/sources_1/new/ice_imem.vhdl
Note: huhu 0
Time: 0 ps  Iteration: 1  Process: /test_alu_integration/ice_imem_ins/line__22  File: D:/Datos/Desktop/Vivado/Vivado/ALU/ALU.srcs/sources_1/new/ice_imem.vhdl
Note: huhu 0
Time: 0 ps  Iteration: 1  Process: /test_alu_integration/ice_imem_ins/line__22  File: D:/Datos/Desktop/Vivado/Vivado/ALU/ALU.srcs/sources_1/new/ice_imem.vhdl
Note: huhu D
Time: 0 ps  Iteration: 1  Process: /test_alu_integration/ice_imem_ins/line__22  File: D:/Datos/Desktop/Vivado/Vivado/ALU/ALU.srcs/sources_1/new/ice_imem.vhdl
Note: huhu 3
Time: 0 ps  Iteration: 1  Process: /test_alu_integration/ice_imem_ins/line__22  File: D:/Datos/Desktop/Vivado/Vivado/ALU/ALU.srcs/sources_1/new/ice_imem.vhdl
Note: huhu 1
Time: 0 ps  Iteration: 1  Process: /test_alu_integration/ice_imem_ins/line__22  File: D:/Datos/Desktop/Vivado/Vivado/ALU/ALU.srcs/sources_1/new/ice_imem.vhdl
Note: huhu 0
Time: 0 ps  Iteration: 1  Process: /test_alu_integration/ice_imem_ins/line__22  File: D:/Datos/Desktop/Vivado/Vivado/ALU/ALU.srcs/sources_1/new/ice_imem.vhdl
Note: huhu 0
Time: 0 ps  Iteration: 1  Process: /test_alu_integration/ice_imem_ins/line__22  File: D:/Datos/Desktop/Vivado/Vivado/ALU/ALU.srcs/sources_1/new/ice_imem.vhdl
Note: huhu 0
Time: 0 ps  Iteration: 1  Process: /test_alu_integration/ice_imem_ins/line__22  File: D:/Datos/Desktop/Vivado/Vivado/ALU/ALU.srcs/sources_1/new/ice_imem.vhdl
Note: huhu 0
Time: 0 ps  Iteration: 1  Process: /test_alu_integration/ice_imem_ins/line__22  File: D:/Datos/Desktop/Vivado/Vivado/ALU/ALU.srcs/sources_1/new/ice_imem.vhdl
Note: huhu 1
Time: 0 ps  Iteration: 1  Process: /test_alu_integration/ice_imem_ins/line__22  File: D:/Datos/Desktop/Vivado/Vivado/ALU/ALU.srcs/sources_1/new/ice_imem.vhdl
Note: huhu 1
Time: 0 ps  Iteration: 1  Process: /test_alu_integration/ice_imem_ins/line__22  File: D:/Datos/Desktop/Vivado/Vivado/ALU/ALU.srcs/sources_1/new/ice_imem.vhdl
Note: huhu 0
Time: 0 ps  Iteration: 1  Process: /test_alu_integration/ice_imem_ins/line__22  File: D:/Datos/Desktop/Vivado/Vivado/ALU/ALU.srcs/sources_1/new/ice_imem.vhdl
Note: huhu 0
Time: 0 ps  Iteration: 1  Process: /test_alu_integration/ice_imem_ins/line__22  File: D:/Datos/Desktop/Vivado/Vivado/ALU/ALU.srcs/sources_1/new/ice_imem.vhdl
Note: huhu 4
Time: 0 ps  Iteration: 1  Process: /test_alu_integration/ice_imem_ins/line__22  File: D:/Datos/Desktop/Vivado/Vivado/ALU/ALU.srcs/sources_1/new/ice_imem.vhdl
Note: huhu 1
Time: 0 ps  Iteration: 1  Process: /test_alu_integration/ice_imem_ins/line__22  File: D:/Datos/Desktop/Vivado/Vivado/ALU/ALU.srcs/sources_1/new/ice_imem.vhdl
Note: huhu 2
Time: 0 ps  Iteration: 1  Process: /test_alu_integration/ice_imem_ins/line__22  File: D:/Datos/Desktop/Vivado/Vivado/ALU/ALU.srcs/sources_1/new/ice_imem.vhdl
Note: huhu 7
Time: 0 ps  Iteration: 1  Process: /test_alu_integration/ice_imem_ins/line__22  File: D:/Datos/Desktop/Vivado/Vivado/ALU/ALU.srcs/sources_1/new/ice_imem.vhdl
Note: huhu 7
Time: 0 ps  Iteration: 1  Process: /test_alu_integration/ice_imem_ins/line__22  File: D:/Datos/Desktop/Vivado/Vivado/ALU/ALU.srcs/sources_1/new/ice_imem.vhdl
Note: huhu 7
Time: 0 ps  Iteration: 1  Process: /test_alu_integration/ice_imem_ins/line__22  File: D:/Datos/Desktop/Vivado/Vivado/ALU/ALU.srcs/sources_1/new/ice_imem.vhdl
Note: huhu 0
Time: 0 ps  Iteration: 1  Process: /test_alu_integration/ice_imem_ins/line__22  File: D:/Datos/Desktop/Vivado/Vivado/ALU/ALU.srcs/sources_1/new/ice_imem.vhdl
Note: huhu 0
Time: 0 ps  Iteration: 1  Process: /test_alu_integration/ice_imem_ins/line__22  File: D:/Datos/Desktop/Vivado/Vivado/ALU/ALU.srcs/sources_1/new/ice_imem.vhdl
Note: huhu 0
Time: 0 ps  Iteration: 1  Process: /test_alu_integration/ice_imem_ins/line__22  File: D:/Datos/Desktop/Vivado/Vivado/ALU/ALU.srcs/sources_1/new/ice_imem.vhdl
Note: huhu 0
Time: 0 ps  Iteration: 1  Process: /test_alu_integration/ice_imem_ins/line__22  File: D:/Datos/Desktop/Vivado/Vivado/ALU/ALU.srcs/sources_1/new/ice_imem.vhdl
Note: huhu 0
Time: 0 ps  Iteration: 1  Process: /test_alu_integration/ice_imem_ins/line__22  File: D:/Datos/Desktop/Vivado/Vivado/ALU/ALU.srcs/sources_1/new/ice_imem.vhdl
Note: huhu 0
Time: 0 ps  Iteration: 1  Process: /test_alu_integration/ice_imem_ins/line__22  File: D:/Datos/Desktop/Vivado/Vivado/ALU/ALU.srcs/sources_1/new/ice_imem.vhdl
Note: huhu 1
Time: 0 ps  Iteration: 1  Process: /test_alu_integration/ice_imem_ins/line__22  File: D:/Datos/Desktop/Vivado/Vivado/ALU/ALU.srcs/sources_1/new/ice_imem.vhdl
Note: end of file encountered in imem.dat
Time: 0 ps  Iteration: 1  Process: /test_alu_integration/ice_imem_ins/line__22  File: D:/Datos/Desktop/Vivado/Vivado/ALU/ALU.srcs/sources_1/new/ice_imem.vhdl
Note: huhu D
Time: 0 ps  Iteration: 1  Process: /test_alu_integration/ice_imem_ins/line__22  File: D:/Datos/Desktop/Vivado/Vivado/ALU/ALU.srcs/sources_1/new/ice_imem.vhdl
Note: huhu 0
Time: 0 ps  Iteration: 1  Process: /test_alu_integration/ice_imem_ins/line__22  File: D:/Datos/Desktop/Vivado/Vivado/ALU/ALU.srcs/sources_1/new/ice_imem.vhdl
Note: huhu 7
Time: 0 ps  Iteration: 1  Process: /test_alu_integration/ice_imem_ins/line__22  File: D:/Datos/Desktop/Vivado/Vivado/ALU/ALU.srcs/sources_1/new/ice_imem.vhdl
Note: huhu 0
Time: 0 ps  Iteration: 1  Process: /test_alu_integration/ice_imem_ins/line__22  File: D:/Datos/Desktop/Vivado/Vivado/ALU/ALU.srcs/sources_1/new/ice_imem.vhdl
Note: huhu 0
Time: 0 ps  Iteration: 1  Process: /test_alu_integration/ice_imem_ins/line__22  File: D:/Datos/Desktop/Vivado/Vivado/ALU/ALU.srcs/sources_1/new/ice_imem.vhdl
Note: huhu 0
Time: 0 ps  Iteration: 1  Process: /test_alu_integration/ice_imem_ins/line__22  File: D:/Datos/Desktop/Vivado/Vivado/ALU/ALU.srcs/sources_1/new/ice_imem.vhdl
Note: huhu 5
Time: 0 ps  Iteration: 1  Process: /test_alu_integration/ice_imem_ins/line__22  File: D:/Datos/Desktop/Vivado/Vivado/ALU/ALU.srcs/sources_1/new/ice_imem.vhdl
Note: huhu 1
Time: 0 ps  Iteration: 1  Process: /test_alu_integration/ice_imem_ins/line__22  File: D:/Datos/Desktop/Vivado/Vivado/ALU/ALU.srcs/sources_1/new/ice_imem.vhdl
Note: huhu 7
Time: 0 ps  Iteration: 1  Process: /test_alu_integration/ice_imem_ins/line__22  File: D:/Datos/Desktop/Vivado/Vivado/ALU/ALU.srcs/sources_1/new/ice_imem.vhdl
Note: huhu 7
Time: 0 ps  Iteration: 1  Process: /test_alu_integration/ice_imem_ins/line__22  File: D:/Datos/Desktop/Vivado/Vivado/ALU/ALU.srcs/sources_1/new/ice_imem.vhdl
Note: huhu 0
Time: 0 ps  Iteration: 1  Process: /test_alu_integration/ice_imem_ins/line__22  File: D:/Datos/Desktop/Vivado/Vivado/ALU/ALU.srcs/sources_1/new/ice_imem.vhdl
Note: huhu 0
Time: 0 ps  Iteration: 1  Process: /test_alu_integration/ice_imem_ins/line__22  File: D:/Datos/Desktop/Vivado/Vivado/ALU/ALU.srcs/sources_1/new/ice_imem.vhdl
Note: huhu 0
Time: 0 ps  Iteration: 1  Process: /test_alu_integration/ice_imem_ins/line__22  File: D:/Datos/Desktop/Vivado/Vivado/ALU/ALU.srcs/sources_1/new/ice_imem.vhdl
Note: huhu 2
Time: 0 ps  Iteration: 1  Process: /test_alu_integration/ice_imem_ins/line__22  File: D:/Datos/Desktop/Vivado/Vivado/ALU/ALU.srcs/sources_1/new/ice_imem.vhdl
Note: huhu 0
Time: 0 ps  Iteration: 1  Process: /test_alu_integration/ice_imem_ins/line__22  File: D:/Datos/Desktop/Vivado/Vivado/ALU/ALU.srcs/sources_1/new/ice_imem.vhdl
Note: huhu 0
Time: 0 ps  Iteration: 1  Process: /test_alu_integration/ice_imem_ins/line__22  File: D:/Datos/Desktop/Vivado/Vivado/ALU/ALU.srcs/sources_1/new/ice_imem.vhdl
Note: huhu 0
Time: 0 ps  Iteration: 1  Process: /test_alu_integration/ice_imem_ins/line__22  File: D:/Datos/Desktop/Vivado/Vivado/ALU/ALU.srcs/sources_1/new/ice_imem.vhdl
Note: huhu 0
Time: 0 ps  Iteration: 1  Process: /test_alu_integration/ice_imem_ins/line__22  File: D:/Datos/Desktop/Vivado/Vivado/ALU/ALU.srcs/sources_1/new/ice_imem.vhdl
Note: huhu D
Time: 0 ps  Iteration: 1  Process: /test_alu_integration/ice_imem_ins/line__22  File: D:/Datos/Desktop/Vivado/Vivado/ALU/ALU.srcs/sources_1/new/ice_imem.vhdl
Note: huhu 4
Time: 0 ps  Iteration: 1  Process: /test_alu_integration/ice_imem_ins/line__22  File: D:/Datos/Desktop/Vivado/Vivado/ALU/ALU.srcs/sources_1/new/ice_imem.vhdl
Note: huhu 0
Time: 0 ps  Iteration: 1  Process: /test_alu_integration/ice_imem_ins/line__22  File: D:/Datos/Desktop/Vivado/Vivado/ALU/ALU.srcs/sources_1/new/ice_imem.vhdl
Note: huhu 0
Time: 0 ps  Iteration: 1  Process: /test_alu_integration/ice_imem_ins/line__22  File: D:/Datos/Desktop/Vivado/Vivado/ALU/ALU.srcs/sources_1/new/ice_imem.vhdl
Note: huhu 0
Time: 0 ps  Iteration: 1  Process: /test_alu_integration/ice_imem_ins/line__22  File: D:/Datos/Desktop/Vivado/Vivado/ALU/ALU.srcs/sources_1/new/ice_imem.vhdl
Note: huhu 0
Time: 0 ps  Iteration: 1  Process: /test_alu_integration/ice_imem_ins/line__22  File: D:/Datos/Desktop/Vivado/Vivado/ALU/ALU.srcs/sources_1/new/ice_imem.vhdl
Note: huhu D
Time: 0 ps  Iteration: 1  Process: /test_alu_integration/ice_imem_ins/line__22  File: D:/Datos/Desktop/Vivado/Vivado/ALU/ALU.srcs/sources_1/new/ice_imem.vhdl
Note: huhu 3
Time: 0 ps  Iteration: 1  Process: /test_alu_integration/ice_imem_ins/line__22  File: D:/Datos/Desktop/Vivado/Vivado/ALU/ALU.srcs/sources_1/new/ice_imem.vhdl
Note: huhu 1
Time: 0 ps  Iteration: 1  Process: /test_alu_integration/ice_imem_ins/line__22  File: D:/Datos/Desktop/Vivado/Vivado/ALU/ALU.srcs/sources_1/new/ice_imem.vhdl
Note: huhu 0
Time: 0 ps  Iteration: 1  Process: /test_alu_integration/ice_imem_ins/line__22  File: D:/Datos/Desktop/Vivado/Vivado/ALU/ALU.srcs/sources_1/new/ice_imem.vhdl
Note: huhu 0
Time: 0 ps  Iteration: 1  Process: /test_alu_integration/ice_imem_ins/line__22  File: D:/Datos/Desktop/Vivado/Vivado/ALU/ALU.srcs/sources_1/new/ice_imem.vhdl
Note: huhu 0
Time: 0 ps  Iteration: 1  Process: /test_alu_integration/ice_imem_ins/line__22  File: D:/Datos/Desktop/Vivado/Vivado/ALU/ALU.srcs/sources_1/new/ice_imem.vhdl
Note: huhu 0
Time: 0 ps  Iteration: 1  Process: /test_alu_integration/ice_imem_ins/line__22  File: D:/Datos/Desktop/Vivado/Vivado/ALU/ALU.srcs/sources_1/new/ice_imem.vhdl
Note: huhu 1
Time: 0 ps  Iteration: 1  Process: /test_alu_integration/ice_imem_ins/line__22  File: D:/Datos/Desktop/Vivado/Vivado/ALU/ALU.srcs/sources_1/new/ice_imem.vhdl
Note: huhu 1
Time: 0 ps  Iteration: 1  Process: /test_alu_integration/ice_imem_ins/line__22  File: D:/Datos/Desktop/Vivado/Vivado/ALU/ALU.srcs/sources_1/new/ice_imem.vhdl
Note: huhu 0
Time: 0 ps  Iteration: 1  Process: /test_alu_integration/ice_imem_ins/line__22  File: D:/Datos/Desktop/Vivado/Vivado/ALU/ALU.srcs/sources_1/new/ice_imem.vhdl
Note: huhu 0
Time: 0 ps  Iteration: 1  Process: /test_alu_integration/ice_imem_ins/line__22  File: D:/Datos/Desktop/Vivado/Vivado/ALU/ALU.srcs/sources_1/new/ice_imem.vhdl
Note: huhu 4
Time: 0 ps  Iteration: 1  Process: /test_alu_integration/ice_imem_ins/line__22  File: D:/Datos/Desktop/Vivado/Vivado/ALU/ALU.srcs/sources_1/new/ice_imem.vhdl
Note: huhu 1
Time: 0 ps  Iteration: 1  Process: /test_alu_integration/ice_imem_ins/line__22  File: D:/Datos/Desktop/Vivado/Vivado/ALU/ALU.srcs/sources_1/new/ice_imem.vhdl
Note: huhu 2
Time: 0 ps  Iteration: 1  Process: /test_alu_integration/ice_imem_ins/line__22  File: D:/Datos/Desktop/Vivado/Vivado/ALU/ALU.srcs/sources_1/new/ice_imem.vhdl
Note: huhu 7
Time: 0 ps  Iteration: 1  Process: /test_alu_integration/ice_imem_ins/line__22  File: D:/Datos/Desktop/Vivado/Vivado/ALU/ALU.srcs/sources_1/new/ice_imem.vhdl
Note: huhu 7
Time: 0 ps  Iteration: 1  Process: /test_alu_integration/ice_imem_ins/line__22  File: D:/Datos/Desktop/Vivado/Vivado/ALU/ALU.srcs/sources_1/new/ice_imem.vhdl
Note: huhu 7
Time: 0 ps  Iteration: 1  Process: /test_alu_integration/ice_imem_ins/line__22  File: D:/Datos/Desktop/Vivado/Vivado/ALU/ALU.srcs/sources_1/new/ice_imem.vhdl
Note: huhu 0
Time: 0 ps  Iteration: 1  Process: /test_alu_integration/ice_imem_ins/line__22  File: D:/Datos/Desktop/Vivado/Vivado/ALU/ALU.srcs/sources_1/new/ice_imem.vhdl
Note: huhu 0
Time: 0 ps  Iteration: 1  Process: /test_alu_integration/ice_imem_ins/line__22  File: D:/Datos/Desktop/Vivado/Vivado/ALU/ALU.srcs/sources_1/new/ice_imem.vhdl
Note: huhu 0
Time: 0 ps  Iteration: 1  Process: /test_alu_integration/ice_imem_ins/line__22  File: D:/Datos/Desktop/Vivado/Vivado/ALU/ALU.srcs/sources_1/new/ice_imem.vhdl
Note: huhu 0
Time: 0 ps  Iteration: 1  Process: /test_alu_integration/ice_imem_ins/line__22  File: D:/Datos/Desktop/Vivado/Vivado/ALU/ALU.srcs/sources_1/new/ice_imem.vhdl
Note: huhu 0
Time